MMIO map Allocated  (located /dev/shm//mmio.197970248288518) =>
		Host App Virtual Addr  = 0x7f3f2c7a8000
		HW Physical Addr       = 0xe1ba00000
		HW CacheAligned Addr   = 0x386e8000
		Workspace Size (bytes) = 524288

UMAS Allocated  (located /dev/shm//umas.197970248288518) =>
		Host App Virtual Addr  = 0x7f3f2ab29000
		HW Physical Addr       = 0xb3f000000
		HW CacheAligned Addr   = 0x2cfc0000
		Workspace Size (bytes) = 2097152

Buffer 2 Allocated  (located /dev/shm//buf0.197970248288518) =>
		Host App Virtual Addr  = 0x7f3f2c84c000
		HW Physical Addr       = 0xc3ca00000
		HW CacheAligned Addr   = 0x30f28000
		Workspace Size (bytes) = 4096

Buffer 3 Allocated  (located /dev/shm//buf1.197970248288518) =>
		Host App Virtual Addr  = 0x7f3f2c84b000
		HW Physical Addr       = 0xb04400000
		HW CacheAligned Addr   = 0x2c110000
		Workspace Size (bytes) = 4096

Buffer 4 Allocated  (located /dev/shm//buf2.197970248288518) =>
		Host App Virtual Addr  = 0x7f3f2c84a000
		HW Physical Addr       = 0x147aa00000
		HW CacheAligned Addr   = 0x51ea8000
		Workspace Size (bytes) = 4096

Buffer 5 Allocated  (located /dev/shm//buf3.197970248288518) =>
		Host App Virtual Addr  = 0x7f3f2c849000
		HW Physical Addr       = 0x721600000
		HW CacheAligned Addr   = 0x1c858000
		Workspace Size (bytes) = 4096

Buffer 6 Allocated  (located /dev/shm//buf4.197970248288518) =>
		Host App Virtual Addr  = 0x7f3f2c848000
		HW Physical Addr       = 0x62e200000
		HW CacheAligned Addr   = 0x18b88000
		Workspace Size (bytes) = 4096

Buffer 7 Allocated  (located /dev/shm//buf5.197970248288518) =>
		Host App Virtual Addr  = 0x7f3f29800000
		HW Physical Addr       = 0x815400000
		HW CacheAligned Addr   = 0x20550000
		Workspace Size (bytes) = 4096

Buffer 8 Allocated  (located /dev/shm//buf6.197970248288518) =>
		Host App Virtual Addr  = 0x7f3f2c847000
		HW Physical Addr       = 0xa4b800000
		HW CacheAligned Addr   = 0x292e0000
		Workspace Size (bytes) = 4096

Buffer 9 Allocated  (located /dev/shm//buf7.197970248288518) =>
		Host App Virtual Addr  = 0x7f3f29801000
		HW Physical Addr       = 0xc1ac00000
		HW CacheAligned Addr   = 0x306b0000
		Workspace Size (bytes) = 4096

Buffer 10 Allocated  (located /dev/shm//buf8.197970248288518) =>
		Host App Virtual Addr  = 0x7f3f29802000
		HW Physical Addr       = 0x63f800000
		HW CacheAligned Addr   = 0x18fe0000
		Workspace Size (bytes) = 4096

Buffer 11 Allocated  (located /dev/shm//buf9.197970248288518) =>
		Host App Virtual Addr  = 0x7f3f29803000
		HW Physical Addr       = 0x878e00000
		HW CacheAligned Addr   = 0x21e38000
		Workspace Size (bytes) = 4096

Buffer 12 Allocated  (located /dev/shm//buf10.197970248288518) =>
		Host App Virtual Addr  = 0x7f3f29804000
		HW Physical Addr       = 0x1b40800000
		HW CacheAligned Addr   = 0x6d020000
		Workspace Size (bytes) = 4096

Buffer 13 Allocated  (located /dev/shm//buf11.197970248288518) =>
		Host App Virtual Addr  = 0x7f3f29805000
		HW Physical Addr       = 0x872c00000
		HW CacheAligned Addr   = 0x21cb0000
		Workspace Size (bytes) = 4096

Buffer 14 Allocated  (located /dev/shm//buf12.197970248288518) =>
		Host App Virtual Addr  = 0x7f3f29806000
		HW Physical Addr       = 0x1c1f400000
		HW CacheAligned Addr   = 0x707d0000
		Workspace Size (bytes) = 4096

Buffer 15 Allocated  (located /dev/shm//buf13.197970248288518) =>
		Host App Virtual Addr  = 0x7f3f29807000
		HW Physical Addr       = 0xe7ac00000
		HW CacheAligned Addr   = 0x39eb0000
		Workspace Size (bytes) = 4096

Buffer 16 Allocated  (located /dev/shm//buf14.197970248288518) =>
		Host App Virtual Addr  = 0x7f3f29808000
		HW Physical Addr       = 0x1b24e00000
		HW CacheAligned Addr   = 0x6c938000
		Workspace Size (bytes) = 4096

Buffer 17 Allocated  (located /dev/shm//buf15.197970248288518) =>
		Host App Virtual Addr  = 0x7f3f29809000
		HW Physical Addr       = 0x1e03e00000
		HW CacheAligned Addr   = 0x780f8000
		Workspace Size (bytes) = 4096

Buffer 18 Allocated  (located /dev/shm//buf16.197970248288518) =>
		Host App Virtual Addr  = 0x7f3f2980a000
		HW Physical Addr       = 0xe76a00000
		HW CacheAligned Addr   = 0x39da8000
		Workspace Size (bytes) = 4096

Buffer 19 Allocated  (located /dev/shm//buf17.197970248288518) =>
		Host App Virtual Addr  = 0x7f3f2980b000
		HW Physical Addr       = 0x115bc00000
		HW CacheAligned Addr   = 0x456f0000
		Workspace Size (bytes) = 4096

Buffer 20 Allocated  (located /dev/shm//buf18.197970248288518) =>
		Host App Virtual Addr  = 0x7f3f2980c000
		HW Physical Addr       = 0x1e1be00000
		HW CacheAligned Addr   = 0x786f8000
		Workspace Size (bytes) = 4096

Buffer 21 Allocated  (located /dev/shm//buf19.197970248288518) =>
		Host App Virtual Addr  = 0x7f3f2980d000
		HW Physical Addr       = 0x1409a00000
		HW CacheAligned Addr   = 0x50268000
		Workspace Size (bytes) = 4096

Buffer 22 Allocated  (located /dev/shm//buf20.197970248288518) =>
		Host App Virtual Addr  = 0x7f3f2980e000
		HW Physical Addr       = 0x1a4cc00000
		HW CacheAligned Addr   = 0x69330000
		Workspace Size (bytes) = 4096

Buffer 23 Allocated  (located /dev/shm//buf21.197970248288518) =>
		Host App Virtual Addr  = 0x7f3f2980f000
		HW Physical Addr       = 0xf54c00000
		HW CacheAligned Addr   = 0x3d530000
		Workspace Size (bytes) = 4096

Buffer 24 Allocated  (located /dev/shm//buf22.197970248288518) =>
		Host App Virtual Addr  = 0x7f3f29810000
		HW Physical Addr       = 0x1b1a000000
		HW CacheAligned Addr   = 0x6c680000
		Workspace Size (bytes) = 4096

Buffer 25 Allocated  (located /dev/shm//buf23.197970248288518) =>
		Host App Virtual Addr  = 0x7f3f29811000
		HW Physical Addr       = 0x27be00000
		HW CacheAligned Addr   = 0x9ef8000
		Workspace Size (bytes) = 4096

Buffer 26 Allocated  (located /dev/shm//buf24.197970248288518) =>
		Host App Virtual Addr  = 0x7f3f29812000
		HW Physical Addr       = 0x855000000
		HW CacheAligned Addr   = 0x21540000
		Workspace Size (bytes) = 4096

Buffer 27 Allocated  (located /dev/shm//buf25.197970248288518) =>
		Host App Virtual Addr  = 0x7f3f29813000
		HW Physical Addr       = 0x311e00000
		HW CacheAligned Addr   = 0xc478000
		Workspace Size (bytes) = 4096

Buffer 28 Allocated  (located /dev/shm//buf26.197970248288518) =>
		Host App Virtual Addr  = 0x7f3f29814000
		HW Physical Addr       = 0x1e5ee00000
		HW CacheAligned Addr   = 0x797b8000
		Workspace Size (bytes) = 4096

Buffer 29 Allocated  (located /dev/shm//buf27.197970248288518) =>
		Host App Virtual Addr  = 0x7f3f29815000
		HW Physical Addr       = 0x1b73e00000
		HW CacheAligned Addr   = 0x6dcf8000
		Workspace Size (bytes) = 4096

Buffer 30 Allocated  (located /dev/shm//buf28.197970248288518) =>
		Host App Virtual Addr  = 0x7f3f29816000
		HW Physical Addr       = 0x370800000
		HW CacheAligned Addr   = 0xdc20000
		Workspace Size (bytes) = 4096

Buffer 31 Allocated  (located /dev/shm//buf29.197970248288518) =>
		Host App Virtual Addr  = 0x7f3f29817000
		HW Physical Addr       = 0x539200000
		HW CacheAligned Addr   = 0x14e48000
		Workspace Size (bytes) = 4096

Buffer 32 Allocated  (located /dev/shm//buf30.197970248288518) =>
		Host App Virtual Addr  = 0x7f3f29818000
		HW Physical Addr       = 0x328c00000
		HW CacheAligned Addr   = 0xca30000
		Workspace Size (bytes) = 4096

Buffer 33 Allocated  (located /dev/shm//buf31.197970248288518) =>
		Host App Virtual Addr  = 0x7f3f29819000
		HW Physical Addr       = 0x677200000
		HW CacheAligned Addr   = 0x19dc8000
		Workspace Size (bytes) = 4096

Buffer 34 Allocated  (located /dev/shm//buf32.197970248288518) =>
		Host App Virtual Addr  = 0x7f3f2981a000
		HW Physical Addr       = 0xc45400000
		HW CacheAligned Addr   = 0x31150000
		Workspace Size (bytes) = 4096

Buffer 35 Allocated  (located /dev/shm//buf33.197970248288518) =>
		Host App Virtual Addr  = 0x7f3f2981b000
		HW Physical Addr       = 0x1410e00000
		HW CacheAligned Addr   = 0x50438000
		Workspace Size (bytes) = 4096

Buffer 36 Allocated  (located /dev/shm//buf34.197970248288518) =>
		Host App Virtual Addr  = 0x7f3f2981c000
		HW Physical Addr       = 0x1050200000
		HW CacheAligned Addr   = 0x41408000
		Workspace Size (bytes) = 4096

Buffer 37 Allocated  (located /dev/shm//buf35.197970248288518) =>
		Host App Virtual Addr  = 0x7f3f2981d000
		HW Physical Addr       = 0xf2b600000
		HW CacheAligned Addr   = 0x3cad8000
		Workspace Size (bytes) = 4096

Buffer 38 Allocated  (located /dev/shm//buf36.197970248288518) =>
		Host App Virtual Addr  = 0x7f3f2981e000
		HW Physical Addr       = 0x439800000
		HW CacheAligned Addr   = 0x10e60000
		Workspace Size (bytes) = 4096

Buffer 39 Allocated  (located /dev/shm//buf37.197970248288518) =>
		Host App Virtual Addr  = 0x7f3f2981f000
		HW Physical Addr       = 0xf35600000
		HW CacheAligned Addr   = 0x3cd58000
		Workspace Size (bytes) = 4096

Buffer 40 Allocated  (located /dev/shm//buf38.197970248288518) =>
		Host App Virtual Addr  = 0x7f3f29820000
		HW Physical Addr       = 0x1b6fe00000
		HW CacheAligned Addr   = 0x6dbf8000
		Workspace Size (bytes) = 4096

Buffer 41 Allocated  (located /dev/shm//buf39.197970248288518) =>
		Host App Virtual Addr  = 0x7f3f29821000
		HW Physical Addr       = 0x22d600000
		HW CacheAligned Addr   = 0x8b58000
		Workspace Size (bytes) = 4096

Buffer 42 Allocated  (located /dev/shm//buf40.197970248288518) =>
		Host App Virtual Addr  = 0x7f3f29822000
		HW Physical Addr       = 0x1c26400000
		HW CacheAligned Addr   = 0x70990000
		Workspace Size (bytes) = 4096

Buffer 43 Allocated  (located /dev/shm//buf41.197970248288518) =>
		Host App Virtual Addr  = 0x7f3f29823000
		HW Physical Addr       = 0x65aa00000
		HW CacheAligned Addr   = 0x196a8000
		Workspace Size (bytes) = 4096

Buffer 44 Allocated  (located /dev/shm//buf42.197970248288518) =>
		Host App Virtual Addr  = 0x7f3f29824000
		HW Physical Addr       = 0x1044200000
		HW CacheAligned Addr   = 0x41108000
		Workspace Size (bytes) = 4096

Buffer 45 Allocated  (located /dev/shm//buf43.197970248288518) =>
		Host App Virtual Addr  = 0x7f3f29825000
		HW Physical Addr       = 0x1503600000
		HW CacheAligned Addr   = 0x540d8000
		Workspace Size (bytes) = 4096

Buffer 46 Allocated  (located /dev/shm//buf44.197970248288518) =>
		Host App Virtual Addr  = 0x7f3f29826000
		HW Physical Addr       = 0xb3d600000
		HW CacheAligned Addr   = 0x2cf58000
		Workspace Size (bytes) = 4096

Buffer 47 Allocated  (located /dev/shm//buf45.197970248288518) =>
		Host App Virtual Addr  = 0x7f3f29827000
		HW Physical Addr       = 0x114a400000
		HW CacheAligned Addr   = 0x45290000
		Workspace Size (bytes) = 4096

Buffer 48 Allocated  (located /dev/shm//buf46.197970248288518) =>
		Host App Virtual Addr  = 0x7f3f29828000
		HW Physical Addr       = 0x1e79c00000
		HW CacheAligned Addr   = 0x79e70000
		Workspace Size (bytes) = 4096

Buffer 49 Allocated  (located /dev/shm//buf47.197970248288518) =>
		Host App Virtual Addr  = 0x7f3f29829000
		HW Physical Addr       = 0x105a00000
		HW CacheAligned Addr   = 0x4168000
		Workspace Size (bytes) = 4096

Buffer 50 Allocated  (located /dev/shm//buf48.197970248288518) =>
		Host App Virtual Addr  = 0x7f3f2982a000
		HW Physical Addr       = 0xf14600000
		HW CacheAligned Addr   = 0x3c518000
		Workspace Size (bytes) = 4096

Buffer 51 Allocated  (located /dev/shm//buf49.197970248288518) =>
		Host App Virtual Addr  = 0x7f3f2982b000
		HW Physical Addr       = 0x1620600000
		HW CacheAligned Addr   = 0x58818000
		Workspace Size (bytes) = 4096

Buffer 52 Allocated  (located /dev/shm//buf50.197970248288518) =>
		Host App Virtual Addr  = 0x7f3f2982c000
		HW Physical Addr       = 0x1e31000000
		HW CacheAligned Addr   = 0x78c40000
		Workspace Size (bytes) = 4096

Buffer 53 Allocated  (located /dev/shm//buf51.197970248288518) =>
		Host App Virtual Addr  = 0x7f3f2982d000
		HW Physical Addr       = 0xa01a00000
		HW CacheAligned Addr   = 0x28068000
		Workspace Size (bytes) = 4096

Buffer 54 Allocated  (located /dev/shm//buf52.197970248288518) =>
		Host App Virtual Addr  = 0x7f3f2982e000
		HW Physical Addr       = 0x44c000000
		HW CacheAligned Addr   = 0x11300000
		Workspace Size (bytes) = 4096

Buffer 55 Allocated  (located /dev/shm//buf53.197970248288518) =>
		Host App Virtual Addr  = 0x7f3f2982f000
		HW Physical Addr       = 0x23e600000
		HW CacheAligned Addr   = 0x8f98000
		Workspace Size (bytes) = 4096

Buffer 56 Allocated  (located /dev/shm//buf54.197970248288518) =>
		Host App Virtual Addr  = 0x7f3f29830000
		HW Physical Addr       = 0xb68400000
		HW CacheAligned Addr   = 0x2da10000
		Workspace Size (bytes) = 4096

Buffer 57 Allocated  (located /dev/shm//buf55.197970248288518) =>
		Host App Virtual Addr  = 0x7f3f29831000
		HW Physical Addr       = 0x200e00000
		HW CacheAligned Addr   = 0x8038000
		Workspace Size (bytes) = 4096

Buffer 58 Allocated  (located /dev/shm//buf56.197970248288518) =>
		Host App Virtual Addr  = 0x7f3f29832000
		HW Physical Addr       = 0x92b200000
		HW CacheAligned Addr   = 0x24ac8000
		Workspace Size (bytes) = 4096

Buffer 59 Allocated  (located /dev/shm//buf57.197970248288518) =>
		Host App Virtual Addr  = 0x7f3f29833000
		HW Physical Addr       = 0x213c00000
		HW CacheAligned Addr   = 0x84f0000
		Workspace Size (bytes) = 4096

Buffer 60 Allocated  (located /dev/shm//buf58.197970248288518) =>
		Host App Virtual Addr  = 0x7f3f29834000
		HW Physical Addr       = 0xa2a200000
		HW CacheAligned Addr   = 0x28a88000
		Workspace Size (bytes) = 4096

Buffer 61 Allocated  (located /dev/shm//buf59.197970248288518) =>
		Host App Virtual Addr  = 0x7f3f29835000
		HW Physical Addr       = 0xc24200000
		HW CacheAligned Addr   = 0x30908000
		Workspace Size (bytes) = 4096

Buffer 62 Allocated  (located /dev/shm//buf60.197970248288518) =>
		Host App Virtual Addr  = 0x7f3f29836000
		HW Physical Addr       = 0x1253e00000
		HW CacheAligned Addr   = 0x494f8000
		Workspace Size (bytes) = 4096

Buffer 63 Allocated  (located /dev/shm//buf61.197970248288518) =>
		Host App Virtual Addr  = 0x7f3f29837000
		HW Physical Addr       = 0x44dc00000
		HW CacheAligned Addr   = 0x11370000
		Workspace Size (bytes) = 4096

Buffer 64 Allocated  (located /dev/shm//buf62.197970248288518) =>
		Host App Virtual Addr  = 0x7f3f29838000
		HW Physical Addr       = 0x152fe00000
		HW CacheAligned Addr   = 0x54bf8000
		Workspace Size (bytes) = 4096

Buffer 65 Allocated  (located /dev/shm//buf63.197970248288518) =>
		Host App Virtual Addr  = 0x7f3f29839000
		HW Physical Addr       = 0x1c0cc00000
		HW CacheAligned Addr   = 0x70330000
		Workspace Size (bytes) = 4096

Buffer 66 Allocated  (located /dev/shm//buf64.197970248288518) =>
		Host App Virtual Addr  = 0x7f3f2983a000
		HW Physical Addr       = 0x1b6a000000
		HW CacheAligned Addr   = 0x6da80000
		Workspace Size (bytes) = 4096

Buffer 67 Allocated  (located /dev/shm//buf65.197970248288518) =>
		Host App Virtual Addr  = 0x7f3f2983b000
		HW Physical Addr       = 0x429000000
		HW CacheAligned Addr   = 0x10a40000
		Workspace Size (bytes) = 4096

Buffer 68 Allocated  (located /dev/shm//buf66.197970248288518) =>
		Host App Virtual Addr  = 0x7f3f2983c000
		HW Physical Addr       = 0x1779000000
		HW CacheAligned Addr   = 0x5de40000
		Workspace Size (bytes) = 4096

Buffer 69 Allocated  (located /dev/shm//buf67.197970248288518) =>
		Host App Virtual Addr  = 0x7f3f2983d000
		HW Physical Addr       = 0x1b05c00000
		HW CacheAligned Addr   = 0x6c170000
		Workspace Size (bytes) = 4096

Buffer 70 Allocated  (located /dev/shm//buf68.197970248288518) =>
		Host App Virtual Addr  = 0x7f3f2983e000
		HW Physical Addr       = 0x861a00000
		HW CacheAligned Addr   = 0x21868000
		Workspace Size (bytes) = 4096

Buffer 71 Allocated  (located /dev/shm//buf69.197970248288518) =>
		Host App Virtual Addr  = 0x7f3f2983f000
		HW Physical Addr       = 0x1b01000000
		HW CacheAligned Addr   = 0x6c040000
		Workspace Size (bytes) = 4096

Buffer 72 Allocated  (located /dev/shm//buf70.197970248288518) =>
		Host App Virtual Addr  = 0x7f3f29840000
		HW Physical Addr       = 0x230000000
		HW CacheAligned Addr   = 0x8c00000
		Workspace Size (bytes) = 4096

Buffer 73 Allocated  (located /dev/shm//buf71.197970248288518) =>
		Host App Virtual Addr  = 0x7f3f29841000
		HW Physical Addr       = 0x1b58c00000
		HW CacheAligned Addr   = 0x6d630000
		Workspace Size (bytes) = 4096

Buffer 74 Allocated  (located /dev/shm//buf72.197970248288518) =>
		Host App Virtual Addr  = 0x7f3f29842000
		HW Physical Addr       = 0x65d800000
		HW CacheAligned Addr   = 0x19760000
		Workspace Size (bytes) = 4096

Buffer 75 Allocated  (located /dev/shm//buf73.197970248288518) =>
		Host App Virtual Addr  = 0x7f3f29843000
		HW Physical Addr       = 0x54aa00000
		HW CacheAligned Addr   = 0x152a8000
		Workspace Size (bytes) = 4096

Buffer 76 Allocated  (located /dev/shm//buf74.197970248288518) =>
		Host App Virtual Addr  = 0x7f3f29844000
		HW Physical Addr       = 0x1503c00000
		HW CacheAligned Addr   = 0x540f0000
		Workspace Size (bytes) = 4096

Buffer 77 Allocated  (located /dev/shm//buf75.197970248288518) =>
		Host App Virtual Addr  = 0x7f3f29845000
		HW Physical Addr       = 0x66f200000
		HW CacheAligned Addr   = 0x19bc8000
		Workspace Size (bytes) = 4096

Buffer 78 Allocated  (located /dev/shm//buf76.197970248288518) =>
		Host App Virtual Addr  = 0x7f3f29846000
		HW Physical Addr       = 0x105d400000
		HW CacheAligned Addr   = 0x41750000
		Workspace Size (bytes) = 4096

Buffer 79 Allocated  (located /dev/shm//buf77.197970248288518) =>
		Host App Virtual Addr  = 0x7f3f29847000
		HW Physical Addr       = 0x1825600000
		HW CacheAligned Addr   = 0x60958000
		Workspace Size (bytes) = 4096

Buffer 80 Allocated  (located /dev/shm//buf78.197970248288518) =>
		Host App Virtual Addr  = 0x7f3f29848000
		HW Physical Addr       = 0x1010600000
		HW CacheAligned Addr   = 0x40418000
		Workspace Size (bytes) = 4096

Buffer 81 Allocated  (located /dev/shm//buf79.197970248288518) =>
		Host App Virtual Addr  = 0x7f3f29849000
		HW Physical Addr       = 0xa51a00000
		HW CacheAligned Addr   = 0x29468000
		Workspace Size (bytes) = 4096

Buffer 82 Allocated  (located /dev/shm//buf80.197970248288518) =>
		Host App Virtual Addr  = 0x7f3f2984a000
		HW Physical Addr       = 0x65f600000
		HW CacheAligned Addr   = 0x197d8000
		Workspace Size (bytes) = 4096

Buffer 83 Allocated  (located /dev/shm//buf81.197970248288518) =>
		Host App Virtual Addr  = 0x7f3f2984b000
		HW Physical Addr       = 0x415a00000
		HW CacheAligned Addr   = 0x10568000
		Workspace Size (bytes) = 4096

Buffer 84 Allocated  (located /dev/shm//buf82.197970248288518) =>
		Host App Virtual Addr  = 0x7f3f2984c000
		HW Physical Addr       = 0x1c25600000
		HW CacheAligned Addr   = 0x70958000
		Workspace Size (bytes) = 4096

Buffer 85 Allocated  (located /dev/shm//buf83.197970248288518) =>
		Host App Virtual Addr  = 0x7f3f2984d000
		HW Physical Addr       = 0x1a1da00000
		HW CacheAligned Addr   = 0x68768000
		Workspace Size (bytes) = 4096

Buffer 86 Allocated  (located /dev/shm//buf84.197970248288518) =>
		Host App Virtual Addr  = 0x7f3f2984e000
		HW Physical Addr       = 0x1d5fc00000
		HW CacheAligned Addr   = 0x757f0000
		Workspace Size (bytes) = 4096

Buffer 87 Allocated  (located /dev/shm//buf85.197970248288518) =>
		Host App Virtual Addr  = 0x7f3f2984f000
		HW Physical Addr       = 0x1951400000
		HW CacheAligned Addr   = 0x65450000
		Workspace Size (bytes) = 4096

Buffer 88 Allocated  (located /dev/shm//buf86.197970248288518) =>
		Host App Virtual Addr  = 0x7f3f29850000
		HW Physical Addr       = 0x1320a00000
		HW CacheAligned Addr   = 0x4c828000
		Workspace Size (bytes) = 4096

Buffer 89 Allocated  (located /dev/shm//buf87.197970248288518) =>
		Host App Virtual Addr  = 0x7f3f29851000
		HW Physical Addr       = 0xc6b200000
		HW CacheAligned Addr   = 0x31ac8000
		Workspace Size (bytes) = 4096

Buffer 90 Allocated  (located /dev/shm//buf88.197970248288518) =>
		Host App Virtual Addr  = 0x7f3f29852000
		HW Physical Addr       = 0x1216a00000
		HW CacheAligned Addr   = 0x485a8000
		Workspace Size (bytes) = 4096

Buffer 91 Allocated  (located /dev/shm//buf89.197970248288518) =>
		Host App Virtual Addr  = 0x7f3f29853000
		HW Physical Addr       = 0xa05e00000
		HW CacheAligned Addr   = 0x28178000
		Workspace Size (bytes) = 4096

Buffer 92 Allocated  (located /dev/shm//buf90.197970248288518) =>
		Host App Virtual Addr  = 0x7f3f29854000
		HW Physical Addr       = 0x324800000
		HW CacheAligned Addr   = 0xc920000
		Workspace Size (bytes) = 4096

Buffer 93 Allocated  (located /dev/shm//buf91.197970248288518) =>
		Host App Virtual Addr  = 0x7f3f29855000
		HW Physical Addr       = 0xe72400000
		HW CacheAligned Addr   = 0x39c90000
		Workspace Size (bytes) = 4096

Buffer 94 Allocated  (located /dev/shm//buf92.197970248288518) =>
		Host App Virtual Addr  = 0x7f3f29856000
		HW Physical Addr       = 0x1b32200000
		HW CacheAligned Addr   = 0x6cc88000
		Workspace Size (bytes) = 4096

Buffer 95 Allocated  (located /dev/shm//buf93.197970248288518) =>
		Host App Virtual Addr  = 0x7f3f29857000
		HW Physical Addr       = 0x190f000000
		HW CacheAligned Addr   = 0x643c0000
		Workspace Size (bytes) = 4096

Buffer 96 Allocated  (located /dev/shm//buf94.197970248288518) =>
		Host App Virtual Addr  = 0x7f3f29858000
		HW Physical Addr       = 0x1b49e00000
		HW CacheAligned Addr   = 0x6d278000
		Workspace Size (bytes) = 4096

Buffer 97 Allocated  (located /dev/shm//buf95.197970248288518) =>
		Host App Virtual Addr  = 0x7f3f29859000
		HW Physical Addr       = 0x163d200000
		HW CacheAligned Addr   = 0x58f48000
		Workspace Size (bytes) = 4096

Buffer 98 Allocated  (located /dev/shm//buf96.197970248288518) =>
		Host App Virtual Addr  = 0x7f3f2985a000
		HW Physical Addr       = 0x115b800000
		HW CacheAligned Addr   = 0x456e0000
		Workspace Size (bytes) = 4096

Buffer 99 Allocated  (located /dev/shm//buf97.197970248288518) =>
		Host App Virtual Addr  = 0x7f3f2985b000
		HW Physical Addr       = 0x1e00000
		HW CacheAligned Addr   = 0x78000
		Workspace Size (bytes) = 4096

Buffer 100 Allocated  (located /dev/shm//buf98.197970248288518) =>
		Host App Virtual Addr  = 0x7f3f2985c000
		HW Physical Addr       = 0x196e400000
		HW CacheAligned Addr   = 0x65b90000
		Workspace Size (bytes) = 4096

Buffer 101 Allocated  (located /dev/shm//buf99.197970248288518) =>
		Host App Virtual Addr  = 0x7f3f2985d000
		HW Physical Addr       = 0x1208400000
		HW CacheAligned Addr   = 0x48210000
		Workspace Size (bytes) = 4096

Buffer 102 Allocated  (located /dev/shm//buf100.197970248288518) =>
		Host App Virtual Addr  = 0x7f3f2985e000
		HW Physical Addr       = 0xf3e600000
		HW CacheAligned Addr   = 0x3cf98000
		Workspace Size (bytes) = 4096

Buffer 103 Allocated  (located /dev/shm//buf101.197970248288518) =>
		Host App Virtual Addr  = 0x7f3f2985f000
		HW Physical Addr       = 0x175de00000
		HW CacheAligned Addr   = 0x5d778000
		Workspace Size (bytes) = 4096

Buffer 104 Allocated  (located /dev/shm//buf102.197970248288518) =>
		Host App Virtual Addr  = 0x7f3f29860000
		HW Physical Addr       = 0x3a00000
		HW CacheAligned Addr   = 0xe8000
		Workspace Size (bytes) = 4096

Buffer 105 Allocated  (located /dev/shm//buf103.197970248288518) =>
		Host App Virtual Addr  = 0x7f3f29861000
		HW Physical Addr       = 0x1d5d600000
		HW CacheAligned Addr   = 0x75758000
		Workspace Size (bytes) = 4096

Buffer 106 Allocated  (located /dev/shm//buf104.197970248288518) =>
		Host App Virtual Addr  = 0x7f3f29400000
		HW Physical Addr       = 0x147ee00000
		HW CacheAligned Addr   = 0x51fb8000
		Workspace Size (bytes) = 4096

Buffer 107 Allocated  (located /dev/shm//buf105.197970248288518) =>
		Host App Virtual Addr  = 0x7f3f2c846000
		HW Physical Addr       = 0x1934e00000
		HW CacheAligned Addr   = 0x64d38000
		Workspace Size (bytes) = 4096

Buffer 108 Allocated  (located /dev/shm//buf106.197970248288518) =>
		Host App Virtual Addr  = 0x7f3f29401000
		HW Physical Addr       = 0x1858800000
		HW CacheAligned Addr   = 0x61620000
		Workspace Size (bytes) = 4096

Buffer 109 Allocated  (located /dev/shm//buf107.197970248288518) =>
		Host App Virtual Addr  = 0x7f3f29402000
		HW Physical Addr       = 0xb25400000
		HW CacheAligned Addr   = 0x2c950000
		Workspace Size (bytes) = 4096

Buffer 110 Allocated  (located /dev/shm//buf108.197970248288518) =>
		Host App Virtual Addr  = 0x7f3f29403000
		HW Physical Addr       = 0xe3f000000
		HW CacheAligned Addr   = 0x38fc0000
		Workspace Size (bytes) = 4096

Buffer 111 Allocated  (located /dev/shm//buf109.197970248288518) =>
		Host App Virtual Addr  = 0x7f3f29404000
		HW Physical Addr       = 0x1e4d600000
		HW CacheAligned Addr   = 0x79358000
		Workspace Size (bytes) = 4096

Buffer 112 Allocated  (located /dev/shm//buf110.197970248288518) =>
		Host App Virtual Addr  = 0x7f3f29405000
		HW Physical Addr       = 0x715200000
		HW CacheAligned Addr   = 0x1c548000
		Workspace Size (bytes) = 4096

Buffer 113 Allocated  (located /dev/shm//buf111.197970248288518) =>
		Host App Virtual Addr  = 0x7f3f29406000
		HW Physical Addr       = 0xc32600000
		HW CacheAligned Addr   = 0x30c98000
		Workspace Size (bytes) = 4096

Buffer 114 Allocated  (located /dev/shm//buf112.197970248288518) =>
		Host App Virtual Addr  = 0x7f3f29407000
		HW Physical Addr       = 0xe5d800000
		HW CacheAligned Addr   = 0x39760000
		Workspace Size (bytes) = 4096

Buffer 115 Allocated  (located /dev/shm//buf113.197970248288518) =>
		Host App Virtual Addr  = 0x7f3f29408000
		HW Physical Addr       = 0x671c00000
		HW CacheAligned Addr   = 0x19c70000
		Workspace Size (bytes) = 4096

Buffer 116 Allocated  (located /dev/shm//buf114.197970248288518) =>
		Host App Virtual Addr  = 0x7f3f29409000
		HW Physical Addr       = 0x654000000
		HW CacheAligned Addr   = 0x19500000
		Workspace Size (bytes) = 4096

Buffer 117 Allocated  (located /dev/shm//buf115.197970248288518) =>
		Host App Virtual Addr  = 0x7f3f2940a000
		HW Physical Addr       = 0x1e19e00000
		HW CacheAligned Addr   = 0x78678000
		Workspace Size (bytes) = 4096

Buffer 118 Allocated  (located /dev/shm//buf116.197970248288518) =>
		Host App Virtual Addr  = 0x7f3f2940b000
		HW Physical Addr       = 0x453a00000
		HW CacheAligned Addr   = 0x114e8000
		Workspace Size (bytes) = 4096

Buffer 119 Allocated  (located /dev/shm//buf117.197970248288518) =>
		Host App Virtual Addr  = 0x7f3f2940c000
		HW Physical Addr       = 0x1871800000
		HW CacheAligned Addr   = 0x61c60000
		Workspace Size (bytes) = 4096

Buffer 120 Allocated  (located /dev/shm//buf118.197970248288518) =>
		Host App Virtual Addr  = 0x7f3f2940d000
		HW Physical Addr       = 0x1841000000
		HW CacheAligned Addr   = 0x61040000
		Workspace Size (bytes) = 4096

Buffer 121 Allocated  (located /dev/shm//buf119.197970248288518) =>
		Host App Virtual Addr  = 0x7f3f2940e000
		HW Physical Addr       = 0x1671c00000
		HW CacheAligned Addr   = 0x59c70000
		Workspace Size (bytes) = 4096

Buffer 122 Allocated  (located /dev/shm//buf120.197970248288518) =>
		Host App Virtual Addr  = 0x7f3f2940f000
		HW Physical Addr       = 0x1d32400000
		HW CacheAligned Addr   = 0x74c90000
		Workspace Size (bytes) = 4096

Buffer 123 Allocated  (located /dev/shm//buf121.197970248288518) =>
		Host App Virtual Addr  = 0x7f3f29410000
		HW Physical Addr       = 0x563600000
		HW CacheAligned Addr   = 0x158d8000
		Workspace Size (bytes) = 4096

Buffer 124 Allocated  (located /dev/shm//buf122.197970248288518) =>
		Host App Virtual Addr  = 0x7f3f29411000
		HW Physical Addr       = 0x164e000000
		HW CacheAligned Addr   = 0x59380000
		Workspace Size (bytes) = 4096

Buffer 125 Allocated  (located /dev/shm//buf123.197970248288518) =>
		Host App Virtual Addr  = 0x7f3f29412000
		HW Physical Addr       = 0x815800000
		HW CacheAligned Addr   = 0x20560000
		Workspace Size (bytes) = 4096

Buffer 126 Allocated  (located /dev/shm//buf124.197970248288518) =>
		Host App Virtual Addr  = 0x7f3f29413000
		HW Physical Addr       = 0x153d400000
		HW CacheAligned Addr   = 0x54f50000
		Workspace Size (bytes) = 4096

Buffer 127 Allocated  (located /dev/shm//buf125.197970248288518) =>
		Host App Virtual Addr  = 0x7f3f29414000
		HW Physical Addr       = 0xf16000000
		HW CacheAligned Addr   = 0x3c580000
		Workspace Size (bytes) = 4096

Buffer 128 Allocated  (located /dev/shm//buf126.197970248288518) =>
		Host App Virtual Addr  = 0x7f3f29415000
		HW Physical Addr       = 0x1a6da00000
		HW CacheAligned Addr   = 0x69b68000
		Workspace Size (bytes) = 4096

Buffer 129 Allocated  (located /dev/shm//buf127.197970248288518) =>
		Host App Virtual Addr  = 0x7f3f29416000
		HW Physical Addr       = 0x1543400000
		HW CacheAligned Addr   = 0x550d0000
		Workspace Size (bytes) = 4096

Buffer 130 Allocated  (located /dev/shm//buf128.197970248288518) =>
		Host App Virtual Addr  = 0x7f3f29417000
		HW Physical Addr       = 0x77cc00000
		HW CacheAligned Addr   = 0x1df30000
		Workspace Size (bytes) = 4096

Buffer 131 Allocated  (located /dev/shm//buf129.197970248288518) =>
		Host App Virtual Addr  = 0x7f3f29418000
		HW Physical Addr       = 0xf16e00000
		HW CacheAligned Addr   = 0x3c5b8000
		Workspace Size (bytes) = 4096

Buffer 132 Allocated  (located /dev/shm//buf130.197970248288518) =>
		Host App Virtual Addr  = 0x7f3f29419000
		HW Physical Addr       = 0x132f200000
		HW CacheAligned Addr   = 0x4cbc8000
		Workspace Size (bytes) = 4096

Buffer 133 Allocated  (located /dev/shm//buf131.197970248288518) =>
		Host App Virtual Addr  = 0x7f3f2941a000
		HW Physical Addr       = 0x263400000
		HW CacheAligned Addr   = 0x98d0000
		Workspace Size (bytes) = 4096

Buffer 134 Allocated  (located /dev/shm//buf132.197970248288518) =>
		Host App Virtual Addr  = 0x7f3f2941b000
		HW Physical Addr       = 0x1b5a600000
		HW CacheAligned Addr   = 0x6d698000
		Workspace Size (bytes) = 4096

Buffer 135 Allocated  (located /dev/shm//buf133.197970248288518) =>
		Host App Virtual Addr  = 0x7f3f2941c000
		HW Physical Addr       = 0x1023c00000
		HW CacheAligned Addr   = 0x408f0000
		Workspace Size (bytes) = 4096

Buffer 136 Allocated  (located /dev/shm//buf134.197970248288518) =>
		Host App Virtual Addr  = 0x7f3f2941d000
		HW Physical Addr       = 0x929c00000
		HW CacheAligned Addr   = 0x24a70000
		Workspace Size (bytes) = 4096

Buffer 137 Allocated  (located /dev/shm//buf135.197970248288518) =>
		Host App Virtual Addr  = 0x7f3f2941e000
		HW Physical Addr       = 0x73000000
		HW CacheAligned Addr   = 0x1cc0000
		Workspace Size (bytes) = 4096

Buffer 138 Allocated  (located /dev/shm//buf136.197970248288518) =>
		Host App Virtual Addr  = 0x7f3f2941f000
		HW Physical Addr       = 0x260e00000
		HW CacheAligned Addr   = 0x9838000
		Workspace Size (bytes) = 4096

Buffer 139 Allocated  (located /dev/shm//buf137.197970248288518) =>
		Host App Virtual Addr  = 0x7f3f29420000
		HW Physical Addr       = 0x1e16000000
		HW CacheAligned Addr   = 0x78580000
		Workspace Size (bytes) = 4096

Buffer 140 Allocated  (located /dev/shm//buf138.197970248288518) =>
		Host App Virtual Addr  = 0x7f3f29421000
		HW Physical Addr       = 0x1c4e400000
		HW CacheAligned Addr   = 0x71390000
		Workspace Size (bytes) = 4096

Buffer 141 Allocated  (located /dev/shm//buf139.197970248288518) =>
		Host App Virtual Addr  = 0x7f3f29422000
		HW Physical Addr       = 0x1059600000
		HW CacheAligned Addr   = 0x41658000
		Workspace Size (bytes) = 4096

Buffer 142 Allocated  (located /dev/shm//buf140.197970248288518) =>
		Host App Virtual Addr  = 0x7f3f29423000
		HW Physical Addr       = 0x1025c00000
		HW CacheAligned Addr   = 0x40970000
		Workspace Size (bytes) = 4096

Buffer 143 Allocated  (located /dev/shm//buf141.197970248288518) =>
		Host App Virtual Addr  = 0x7f3f29424000
		HW Physical Addr       = 0x62cc00000
		HW CacheAligned Addr   = 0x18b30000
		Workspace Size (bytes) = 4096

Buffer 144 Allocated  (located /dev/shm//buf142.197970248288518) =>
		Host App Virtual Addr  = 0x7f3f29425000
		HW Physical Addr       = 0x1212200000
		HW CacheAligned Addr   = 0x48488000
		Workspace Size (bytes) = 4096

Buffer 145 Allocated  (located /dev/shm//buf143.197970248288518) =>
		Host App Virtual Addr  = 0x7f3f29426000
		HW Physical Addr       = 0x1e400000
		HW CacheAligned Addr   = 0x790000
		Workspace Size (bytes) = 4096

Buffer 146 Allocated  (located /dev/shm//buf144.197970248288518) =>
		Host App Virtual Addr  = 0x7f3f29427000
		HW Physical Addr       = 0x1a7a800000
		HW CacheAligned Addr   = 0x69ea0000
		Workspace Size (bytes) = 4096

Buffer 147 Allocated  (located /dev/shm//buf145.197970248288518) =>
		Host App Virtual Addr  = 0x7f3f29428000
		HW Physical Addr       = 0x105a200000
		HW CacheAligned Addr   = 0x41688000
		Workspace Size (bytes) = 4096

Buffer 148 Allocated  (located /dev/shm//buf146.197970248288518) =>
		Host App Virtual Addr  = 0x7f3f29429000
		HW Physical Addr       = 0xb50600000
		HW CacheAligned Addr   = 0x2d418000
		Workspace Size (bytes) = 4096

Buffer 149 Allocated  (located /dev/shm//buf147.197970248288518) =>
		Host App Virtual Addr  = 0x7f3f2942a000
		HW Physical Addr       = 0x1732c00000
		HW CacheAligned Addr   = 0x5ccb0000
		Workspace Size (bytes) = 4096

Buffer 150 Allocated  (located /dev/shm//buf148.197970248288518) =>
		Host App Virtual Addr  = 0x7f3f2942b000
		HW Physical Addr       = 0xf6cc00000
		HW CacheAligned Addr   = 0x3db30000
		Workspace Size (bytes) = 4096

Buffer 151 Allocated  (located /dev/shm//buf149.197970248288518) =>
		Host App Virtual Addr  = 0x7f3f2942c000
		HW Physical Addr       = 0x1877000000
		HW CacheAligned Addr   = 0x61dc0000
		Workspace Size (bytes) = 4096

Buffer 152 Allocated  (located /dev/shm//buf150.197970248288518) =>
		Host App Virtual Addr  = 0x7f3f2942d000
		HW Physical Addr       = 0x152ca00000
		HW CacheAligned Addr   = 0x54b28000
		Workspace Size (bytes) = 4096

Buffer 153 Allocated  (located /dev/shm//buf151.197970248288518) =>
		Host App Virtual Addr  = 0x7f3f2942e000
		HW Physical Addr       = 0x623e00000
		HW CacheAligned Addr   = 0x188f8000
		Workspace Size (bytes) = 4096

Buffer 154 Allocated  (located /dev/shm//buf152.197970248288518) =>
		Host App Virtual Addr  = 0x7f3f2942f000
		HW Physical Addr       = 0xf2b200000
		HW CacheAligned Addr   = 0x3cac8000
		Workspace Size (bytes) = 4096

Buffer 155 Allocated  (located /dev/shm//buf153.197970248288518) =>
		Host App Virtual Addr  = 0x7f3f29430000
		HW Physical Addr       = 0x204000000
		HW CacheAligned Addr   = 0x8100000
		Workspace Size (bytes) = 4096

Buffer 156 Allocated  (located /dev/shm//buf154.197970248288518) =>
		Host App Virtual Addr  = 0x7f3f29431000
		HW Physical Addr       = 0x180d400000
		HW CacheAligned Addr   = 0x60350000
		Workspace Size (bytes) = 4096

Buffer 157 Allocated  (located /dev/shm//buf155.197970248288518) =>
		Host App Virtual Addr  = 0x7f3f29432000
		HW Physical Addr       = 0x165de00000
		HW CacheAligned Addr   = 0x59778000
		Workspace Size (bytes) = 4096

Buffer 158 Allocated  (located /dev/shm//buf156.197970248288518) =>
		Host App Virtual Addr  = 0x7f3f29433000
		HW Physical Addr       = 0x1d24800000
		HW CacheAligned Addr   = 0x74920000
		Workspace Size (bytes) = 4096

Buffer 159 Allocated  (located /dev/shm//buf157.197970248288518) =>
		Host App Virtual Addr  = 0x7f3f29434000
		HW Physical Addr       = 0xd1c400000
		HW CacheAligned Addr   = 0x34710000
		Workspace Size (bytes) = 4096

Buffer 160 Allocated  (located /dev/shm//buf158.197970248288518) =>
		Host App Virtual Addr  = 0x7f3f29435000
		HW Physical Addr       = 0x934600000
		HW CacheAligned Addr   = 0x24d18000
		Workspace Size (bytes) = 4096

Buffer 161 Allocated  (located /dev/shm//buf159.197970248288518) =>
		Host App Virtual Addr  = 0x7f3f29436000
		HW Physical Addr       = 0x1260000000
		HW CacheAligned Addr   = 0x49800000
		Workspace Size (bytes) = 4096

Buffer 162 Allocated  (located /dev/shm//buf160.197970248288518) =>
		Host App Virtual Addr  = 0x7f3f29437000
		HW Physical Addr       = 0x108000000
		HW CacheAligned Addr   = 0x4200000
		Workspace Size (bytes) = 4096

Buffer 163 Allocated  (located /dev/shm//buf161.197970248288518) =>
		Host App Virtual Addr  = 0x7f3f29438000
		HW Physical Addr       = 0xd000000
		HW CacheAligned Addr   = 0x340000
		Workspace Size (bytes) = 4096

Buffer 164 Allocated  (located /dev/shm//buf162.197970248288518) =>
		Host App Virtual Addr  = 0x7f3f29439000
		HW Physical Addr       = 0x153d200000
		HW CacheAligned Addr   = 0x54f48000
		Workspace Size (bytes) = 4096

Buffer 165 Allocated  (located /dev/shm//buf163.197970248288518) =>
		Host App Virtual Addr  = 0x7f3f2943a000
		HW Physical Addr       = 0x1203600000
		HW CacheAligned Addr   = 0x480d8000
		Workspace Size (bytes) = 4096

Buffer 166 Allocated  (located /dev/shm//buf164.197970248288518) =>
		Host App Virtual Addr  = 0x7f3f2943b000
		HW Physical Addr       = 0x1f16600000
		HW CacheAligned Addr   = 0x7c598000
		Workspace Size (bytes) = 4096

Buffer 167 Allocated  (located /dev/shm//buf165.197970248288518) =>
		Host App Virtual Addr  = 0x7f3f2943c000
		HW Physical Addr       = 0x1d40a00000
		HW CacheAligned Addr   = 0x75028000
		Workspace Size (bytes) = 4096

Buffer 168 Allocated  (located /dev/shm//buf166.197970248288518) =>
		Host App Virtual Addr  = 0x7f3f2943d000
		HW Physical Addr       = 0x364800000
		HW CacheAligned Addr   = 0xd920000
		Workspace Size (bytes) = 4096

Buffer 169 Allocated  (located /dev/shm//buf167.197970248288518) =>
		Host App Virtual Addr  = 0x7f3f2943e000
		HW Physical Addr       = 0xd50800000
		HW CacheAligned Addr   = 0x35420000
		Workspace Size (bytes) = 4096

Buffer 170 Allocated  (located /dev/shm//buf168.197970248288518) =>
		Host App Virtual Addr  = 0x7f3f2943f000
		HW Physical Addr       = 0x91e800000
		HW CacheAligned Addr   = 0x247a0000
		Workspace Size (bytes) = 4096

Buffer 171 Allocated  (located /dev/shm//buf169.197970248288518) =>
		Host App Virtual Addr  = 0x7f3f29440000
		HW Physical Addr       = 0x1e09400000
		HW CacheAligned Addr   = 0x78250000
		Workspace Size (bytes) = 4096

Buffer 172 Allocated  (located /dev/shm//buf170.197970248288518) =>
		Host App Virtual Addr  = 0x7f3f29441000
		HW Physical Addr       = 0x232200000
		HW CacheAligned Addr   = 0x8c88000
		Workspace Size (bytes) = 4096

Buffer 173 Allocated  (located /dev/shm//buf171.197970248288518) =>
		Host App Virtual Addr  = 0x7f3f29442000
		HW Physical Addr       = 0xa5f000000
		HW CacheAligned Addr   = 0x297c0000
		Workspace Size (bytes) = 4096

Buffer 174 Allocated  (located /dev/shm//buf172.197970248288518) =>
		Host App Virtual Addr  = 0x7f3f29443000
		HW Physical Addr       = 0x1171e00000
		HW CacheAligned Addr   = 0x45c78000
		Workspace Size (bytes) = 4096

Buffer 175 Allocated  (located /dev/shm//buf173.197970248288518) =>
		Host App Virtual Addr  = 0x7f3f29444000
		HW Physical Addr       = 0x100d800000
		HW CacheAligned Addr   = 0x40360000
		Workspace Size (bytes) = 4096

Buffer 176 Allocated  (located /dev/shm//buf174.197970248288518) =>
		Host App Virtual Addr  = 0x7f3f29445000
		HW Physical Addr       = 0x535e00000
		HW CacheAligned Addr   = 0x14d78000
		Workspace Size (bytes) = 4096

Buffer 177 Allocated  (located /dev/shm//buf175.197970248288518) =>
		Host App Virtual Addr  = 0x7f3f29446000
		HW Physical Addr       = 0x1e55800000
		HW CacheAligned Addr   = 0x79560000
		Workspace Size (bytes) = 4096

Buffer 178 Allocated  (located /dev/shm//buf176.197970248288518) =>
		Host App Virtual Addr  = 0x7f3f29447000
		HW Physical Addr       = 0x427c00000
		HW CacheAligned Addr   = 0x109f0000
		Workspace Size (bytes) = 4096

Buffer 179 Allocated  (located /dev/shm//buf177.197970248288518) =>
		Host App Virtual Addr  = 0x7f3f29448000
		HW Physical Addr       = 0x1216800000
		HW CacheAligned Addr   = 0x485a0000
		Workspace Size (bytes) = 4096

Buffer 180 Allocated  (located /dev/shm//buf178.197970248288518) =>
		Host App Virtual Addr  = 0x7f3f29449000
		HW Physical Addr       = 0x1522400000
		HW CacheAligned Addr   = 0x54890000
		Workspace Size (bytes) = 4096

Buffer 181 Allocated  (located /dev/shm//buf179.197970248288518) =>
		Host App Virtual Addr  = 0x7f3f2944a000
		HW Physical Addr       = 0x1e0f000000
		HW CacheAligned Addr   = 0x783c0000
		Workspace Size (bytes) = 4096

Buffer 182 Allocated  (located /dev/shm//buf180.197970248288518) =>
		Host App Virtual Addr  = 0x7f3f2944b000
		HW Physical Addr       = 0xf14800000
		HW CacheAligned Addr   = 0x3c520000
		Workspace Size (bytes) = 4096

Buffer 183 Allocated  (located /dev/shm//buf181.197970248288518) =>
		Host App Virtual Addr  = 0x7f3f2944c000
		HW Physical Addr       = 0xa7bc00000
		HW CacheAligned Addr   = 0x29ef0000
		Workspace Size (bytes) = 4096

Buffer 184 Allocated  (located /dev/shm//buf182.197970248288518) =>
		Host App Virtual Addr  = 0x7f3f2944d000
		HW Physical Addr       = 0x34600000
		HW CacheAligned Addr   = 0xd18000
		Workspace Size (bytes) = 4096

Buffer 185 Allocated  (located /dev/shm//buf183.197970248288518) =>
		Host App Virtual Addr  = 0x7f3f2944e000
		HW Physical Addr       = 0x408e00000
		HW CacheAligned Addr   = 0x10238000
		Workspace Size (bytes) = 4096

Buffer 186 Allocated  (located /dev/shm//buf184.197970248288518) =>
		Host App Virtual Addr  = 0x7f3f2944f000
		HW Physical Addr       = 0x621000000
		HW CacheAligned Addr   = 0x18840000
		Workspace Size (bytes) = 4096

Buffer 187 Allocated  (located /dev/shm//buf185.197970248288518) =>
		Host App Virtual Addr  = 0x7f3f29450000
		HW Physical Addr       = 0xa7ee00000
		HW CacheAligned Addr   = 0x29fb8000
		Workspace Size (bytes) = 4096

Buffer 188 Allocated  (located /dev/shm//buf186.197970248288518) =>
		Host App Virtual Addr  = 0x7f3f29451000
		HW Physical Addr       = 0x1779600000
		HW CacheAligned Addr   = 0x5de58000
		Workspace Size (bytes) = 4096

Buffer 189 Allocated  (located /dev/shm//buf187.197970248288518) =>
		Host App Virtual Addr  = 0x7f3f29452000
		HW Physical Addr       = 0x929e00000
		HW CacheAligned Addr   = 0x24a78000
		Workspace Size (bytes) = 4096

Buffer 190 Allocated  (located /dev/shm//buf188.197970248288518) =>
		Host App Virtual Addr  = 0x7f3f29453000
		HW Physical Addr       = 0xc59600000
		HW CacheAligned Addr   = 0x31658000
		Workspace Size (bytes) = 4096

Buffer 191 Allocated  (located /dev/shm//buf189.197970248288518) =>
		Host App Virtual Addr  = 0x7f3f29454000
		HW Physical Addr       = 0x211c00000
		HW CacheAligned Addr   = 0x8470000
		Workspace Size (bytes) = 4096

Buffer 192 Allocated  (located /dev/shm//buf190.197970248288518) =>
		Host App Virtual Addr  = 0x7f3f29455000
		HW Physical Addr       = 0x174d600000
		HW CacheAligned Addr   = 0x5d358000
		Workspace Size (bytes) = 4096

Buffer 193 Allocated  (located /dev/shm//buf191.197970248288518) =>
		Host App Virtual Addr  = 0x7f3f29456000
		HW Physical Addr       = 0x1e49e00000
		HW CacheAligned Addr   = 0x79278000
		Workspace Size (bytes) = 4096

Buffer 194 Allocated  (located /dev/shm//buf192.197970248288518) =>
		Host App Virtual Addr  = 0x7f3f29457000
		HW Physical Addr       = 0x1831c00000
		HW CacheAligned Addr   = 0x60c70000
		Workspace Size (bytes) = 4096

Buffer 195 Allocated  (located /dev/shm//buf193.197970248288518) =>
		Host App Virtual Addr  = 0x7f3f29458000
		HW Physical Addr       = 0xd7e000000
		HW CacheAligned Addr   = 0x35f80000
		Workspace Size (bytes) = 4096

Buffer 196 Allocated  (located /dev/shm//buf194.197970248288518) =>
		Host App Virtual Addr  = 0x7f3f29459000
		HW Physical Addr       = 0x924e00000
		HW CacheAligned Addr   = 0x24938000
		Workspace Size (bytes) = 4096

Buffer 197 Allocated  (located /dev/shm//buf195.197970248288518) =>
		Host App Virtual Addr  = 0x7f3f2945a000
		HW Physical Addr       = 0x1310a00000
		HW CacheAligned Addr   = 0x4c428000
		Workspace Size (bytes) = 4096

Buffer 198 Allocated  (located /dev/shm//buf196.197970248288518) =>
		Host App Virtual Addr  = 0x7f3f2945b000
		HW Physical Addr       = 0xe0ba00000
		HW CacheAligned Addr   = 0x382e8000
		Workspace Size (bytes) = 4096

Buffer 199 Allocated  (located /dev/shm//buf197.197970248288518) =>
		Host App Virtual Addr  = 0x7f3f2945c000
		HW Physical Addr       = 0xa6d200000
		HW CacheAligned Addr   = 0x29b48000
		Workspace Size (bytes) = 4096

Buffer 200 Allocated  (located /dev/shm//buf198.197970248288518) =>
		Host App Virtual Addr  = 0x7f3f2945d000
		HW Physical Addr       = 0x1c18200000
		HW CacheAligned Addr   = 0x70608000
		Workspace Size (bytes) = 4096

Buffer 201 Allocated  (located /dev/shm//buf199.197970248288518) =>
		Host App Virtual Addr  = 0x7f3f2945e000
		HW Physical Addr       = 0x1526c00000
		HW CacheAligned Addr   = 0x549b0000
		Workspace Size (bytes) = 4096

Buffer 202 Allocated  (located /dev/shm//buf200.197970248288518) =>
		Host App Virtual Addr  = 0x7f3f2945f000
		HW Physical Addr       = 0x1961400000
		HW CacheAligned Addr   = 0x65850000
		Workspace Size (bytes) = 4096

Buffer 203 Allocated  (located /dev/shm//buf201.197970248288518) =>
		Host App Virtual Addr  = 0x7f3f29460000
		HW Physical Addr       = 0x1b75200000
		HW CacheAligned Addr   = 0x6dd48000
		Workspace Size (bytes) = 4096

Buffer 204 Allocated  (located /dev/shm//buf202.197970248288518) =>
		Host App Virtual Addr  = 0x7f3f29461000
		HW Physical Addr       = 0x140ba00000
		HW CacheAligned Addr   = 0x502e8000
		Workspace Size (bytes) = 4096

